[Pipeline_v2] Running shell script
+ mvn package
----- withMaven Wrapper script -----
Picked up JAVA_TOOL_OPTIONS: -Dmaven.ext.class.path="/var/lib/jenkins/workspace/Pipeline_v2@tmp/withMaven8af5cbb9/pipeline-maven-spy.jar" -Dorg.jenkinsci.plugins.pipeline.maven.reportsFolder="/var/lib/jenkins/workspace/Pipeline_v2@tmp/withMaven8af5cbb9" 
Apache Maven 3.0.5 (r01de14724cdef164cd33c7c8c2fe155faf9602da; 2013-02-19 13:51:28+0000)
Maven home: /var/lib/jenkins/tools/hudson.tasks.Maven_MavenInstallation/Maven305
Java version: 1.8.0_151, vendor: Oracle Corporation
Java home: /usr/java/jdk1.8.0_151/jre
Default locale: en_US, platform encoding: UTF-8
OS name: "linux", version: "3.10.0-693.el7.x86_64", arch: "amd64", family: "unix"
[INFO] Scanning for projects...
[INFO]                                                                         
[INFO] ------------------------------------------------------------------------
[INFO] Building demoApp 1.0.0-SNAPSHOT
[INFO] ------------------------------------------------------------------------
Downloading: http://repo.maven.apache.org/maven2/com/github/eirslett/frontend-maven-plugin/1.6/frontend-maven-plugin-1.6.pom
Downloaded: http://repo.maven.apache.org/maven2/com/github/eirslett/frontend-maven-plugin/1.6/frontend-maven-plugin-1.6.pom (5 KB at 44.8 KB/sec)
Downloading: http://repo.maven.apache.org/maven2/com/github/eirslett/frontend-plugins/1.6/frontend-plugins-1.6.pom
Downloaded: http://repo.maven.apache.org/maven2/com/github/eirslett/frontend-plugins/1.6/frontend-plugins-1.6.pom (3 KB at 208.5 KB/sec)
Downloading: http://repo.maven.apache.org/maven2/com/github/eirslett/frontend-maven-plugin/1.6/frontend-maven-plugin-1.6.jar
Downloaded: http://repo.maven.apache.org/maven2/com/github/eirslett/frontend-maven-plugin/1.6/frontend-maven-plugin-1.6.jar (35 KB at 2437.2 KB/sec)
[INFO] ------------------------------------------------------------------------
[INFO] BUILD FAILURE
[INFO] ------------------------------------------------------------------------
[INFO] Total time: 0.663s
[INFO] Finished at: Mon Nov 20 16:25:29 UTC 2017
[INFO] Final Memory: 7M/150M
[INFO] ------------------------------------------------------------------------
[8mha:////4Mfmx9gnmWKx4/rqEzXIWFlMw04a/2N17hXopsU20t4DAAAAYB+LCAAAAAAAAP9b85aBtbiIQSmjNKU4P0+vJLE4u1gvPjexLDVPzxdEuhYV5Rf55ZekOlc7RKnPKH7IxMBQUcQgBdWQnJ9XnJ+TqucMoUEKGSCAEaSwAACsNFCqYAAAAA==[0m[ERROR] Failed to execute goal com.github.eirslett:frontend-maven-plugin:1.6:install-node-and-npm (install node and npm) on project demoApp: The plugin com.github.eirslett:frontend-maven-plugin:1.6 requires Maven version 3.1.0 -> [Help 1]
[8mha:////4Mfmx9gnmWKx4/rqEzXIWFlMw04a/2N17hXopsU20t4DAAAAYB+LCAAAAAAAAP9b85aBtbiIQSmjNKU4P0+vJLE4u1gvPjexLDVPzxdEuhYV5Rf55ZekOlc7RKnPKH7IxMBQUcQgBdWQnJ9XnJ+TqucMoUEKGSCAEaSwAACsNFCqYAAAAA==[0m[ERROR] 
[8mha:////4Mfmx9gnmWKx4/rqEzXIWFlMw04a/2N17hXopsU20t4DAAAAYB+LCAAAAAAAAP9b85aBtbiIQSmjNKU4P0+vJLE4u1gvPjexLDVPzxdEuhYV5Rf55ZekOlc7RKnPKH7IxMBQUcQgBdWQnJ9XnJ+TqucMoUEKGSCAEaSwAACsNFCqYAAAAA==[0m[ERROR] To see the full stack trace of the errors, re-run Maven with the -e switch.
[8mha:////4Mfmx9gnmWKx4/rqEzXIWFlMw04a/2N17hXopsU20t4DAAAAYB+LCAAAAAAAAP9b85aBtbiIQSmjNKU4P0+vJLE4u1gvPjexLDVPzxdEuhYV5Rf55ZekOlc7RKnPKH7IxMBQUcQgBdWQnJ9XnJ+TqucMoUEKGSCAEaSwAACsNFCqYAAAAA==[0m[ERROR] Re-run Maven using the -X switch to enable full debug logging.
[8mha:////4Mfmx9gnmWKx4/rqEzXIWFlMw04a/2N17hXopsU20t4DAAAAYB+LCAAAAAAAAP9b85aBtbiIQSmjNKU4P0+vJLE4u1gvPjexLDVPzxdEuhYV5Rf55ZekOlc7RKnPKH7IxMBQUcQgBdWQnJ9XnJ+TqucMoUEKGSCAEaSwAACsNFCqYAAAAA==[0m[ERROR] 
[8mha:////4Mfmx9gnmWKx4/rqEzXIWFlMw04a/2N17hXopsU20t4DAAAAYB+LCAAAAAAAAP9b85aBtbiIQSmjNKU4P0+vJLE4u1gvPjexLDVPzxdEuhYV5Rf55ZekOlc7RKnPKH7IxMBQUcQgBdWQnJ9XnJ+TqucMoUEKGSCAEaSwAACsNFCqYAAAAA==[0m[ERROR] For more information about the errors and possible solutions, please read the following articles:
[8mha:////4Mfmx9gnmWKx4/rqEzXIWFlMw04a/2N17hXopsU20t4DAAAAYB+LCAAAAAAAAP9b85aBtbiIQSmjNKU4P0+vJLE4u1gvPjexLDVPzxdEuhYV5Rf55ZekOlc7RKnPKH7IxMBQUcQgBdWQnJ9XnJ+TqucMoUEKGSCAEaSwAACsNFCqYAAAAA==[0m[ERROR] [Help 1] http://cwiki.apache.org/confluence/display/MAVEN/PluginIncompatibleException
