[Pipeline_v2] Running shell script
+ mvn package
----- withMaven Wrapper script -----
Picked up JAVA_TOOL_OPTIONS: -Dmaven.ext.class.path="/var/lib/jenkins/workspace/Pipeline_v2@tmp/withMaven62c42768/pipeline-maven-spy.jar" -Dorg.jenkinsci.plugins.pipeline.maven.reportsFolder="/var/lib/jenkins/workspace/Pipeline_v2@tmp/withMaven62c42768" 
Apache Maven 3.0.5 (r01de14724cdef164cd33c7c8c2fe155faf9602da; 2013-02-19 13:51:28+0000)
Maven home: /var/lib/jenkins/tools/hudson.tasks.Maven_MavenInstallation/Maven305
Java version: 1.8.0_151, vendor: Oracle Corporation
Java home: /usr/java/jdk1.8.0_151/jre
Default locale: en_US, platform encoding: UTF-8
OS name: "linux", version: "3.10.0-693.el7.x86_64", arch: "amd64", family: "unix"
[INFO] Scanning for projects...
[INFO]                                                                         
[INFO] ------------------------------------------------------------------------
[INFO] Building Cucumber-Java Skeleton 0.0.1
[INFO] ------------------------------------------------------------------------
Downloading: http://repo.maven.apache.org/maven2/org/apache/maven/plugins/maven-compiler-plugin/3.3/maven-compiler-plugin-3.3.pom
Downloaded: http://repo.maven.apache.org/maven2/org/apache/maven/plugins/maven-compiler-plugin/3.3/maven-compiler-plugin-3.3.pom (12 KB at 112.8 KB/sec)
Downloading: http://repo.maven.apache.org/maven2/org/apache/maven/plugins/maven-plugins/27/maven-plugins-27.pom
Downloaded: http://repo.maven.apache.org/maven2/org/apache/maven/plugins/maven-plugins/27/maven-plugins-27.pom (12 KB at 1009.0 KB/sec)
Downloading: http://repo.maven.apache.org/maven2/org/apache/maven/maven-parent/26/maven-parent-26.pom
Downloaded: http://repo.maven.apache.org/maven2/org/apache/maven/maven-parent/26/maven-parent-26.pom (39 KB at 3885.3 KB/sec)
Downloading: http://repo.maven.apache.org/maven2/org/apache/apache/16/apache-16.pom
Downloaded: http://repo.maven.apache.org/maven2/org/apache/apache/16/apache-16.pom (16 KB at 1879.5 KB/sec)
Downloading: http://repo.maven.apache.org/maven2/org/apache/maven/plugins/maven-compiler-plugin/3.3/maven-compiler-plugin-3.3.jar
Downloaded: http://repo.maven.apache.org/maven2/org/apache/maven/plugins/maven-compiler-plugin/3.3/maven-compiler-plugin-3.3.jar (46 KB at 3772.9 KB/sec)
Downloading: http://repo.maven.apache.org/maven2/org/apache/maven/plugins/maven-jar-plugin/2.3.2/maven-jar-plugin-2.3.2.pom
Downloaded: http://repo.maven.apache.org/maven2/org/apache/maven/plugins/maven-jar-plugin/2.3.2/maven-jar-plugin-2.3.2.pom (6 KB at 569.6 KB/sec)
Downloading: http://repo.maven.apache.org/maven2/org/apache/maven/plugins/maven-plugins/21/maven-plugins-21.pom
Downloaded: http://repo.maven.apache.org/maven2/org/apache/maven/plugins/maven-plugins/21/maven-plugins-21.pom (13 KB at 1108.1 KB/sec)
Downloading: http://repo.maven.apache.org/maven2/org/apache/maven/plugins/maven-jar-plugin/2.3.2/maven-jar-plugin-2.3.2.jar
Downloaded: http://repo.maven.apache.org/maven2/org/apache/maven/plugins/maven-jar-plugin/2.3.2/maven-jar-plugin-2.3.2.jar (32 KB at 2284.7 KB/sec)
Downloading: http://repo.maven.apache.org/maven2/io/cucumber/cucumber-java/2.1.0/cucumber-java-2.1.0.pom
Downloaded: http://repo.maven.apache.org/maven2/io/cucumber/cucumber-java/2.1.0/cucumber-java-2.1.0.pom (7 KB at 618.9 KB/sec)
Downloading: http://repo.maven.apache.org/maven2/io/cucumber/cucumber-jvm/2.1.0/cucumber-jvm-2.1.0.pom
Downloaded: http://repo.maven.apache.org/maven2/io/cucumber/cucumber-jvm/2.1.0/cucumber-jvm-2.1.0.pom (37 KB at 2843.7 KB/sec)
Downloading: http://repo.maven.apache.org/maven2/org/sonatype/oss/oss-parent/7/oss-parent-7.pom
Downloaded: http://repo.maven.apache.org/maven2/org/sonatype/oss/oss-parent/7/oss-parent-7.pom (5 KB at 588.9 KB/sec)
Downloading: http://repo.maven.apache.org/maven2/io/cucumber/cucumber-core/2.1.0/cucumber-core-2.1.0.pom
Downloaded: http://repo.maven.apache.org/maven2/io/cucumber/cucumber-core/2.1.0/cucumber-core-2.1.0.pom (4 KB at 413.0 KB/sec)
Downloading: http://repo.maven.apache.org/maven2/info/cukes/cucumber-html/0.2.6/cucumber-html-0.2.6.pom
Downloaded: http://repo.maven.apache.org/maven2/info/cukes/cucumber-html/0.2.6/cucumber-html-0.2.6.pom (4 KB at 306.5 KB/sec)
Downloading: http://repo.maven.apache.org/maven2/io/cucumber/cucumber-jvm-deps/1.0.6/cucumber-jvm-deps-1.0.6.pom
Downloaded: http://repo.maven.apache.org/maven2/io/cucumber/cucumber-jvm-deps/1.0.6/cucumber-jvm-deps-1.0.6.pom (7 KB at 612.3 KB/sec)
Downloading: http://repo.maven.apache.org/maven2/io/cucumber/gherkin/5.0.0/gherkin-5.0.0.pom
Downloaded: http://repo.maven.apache.org/maven2/io/cucumber/gherkin/5.0.0/gherkin-5.0.0.pom (6 KB at 606.6 KB/sec)
Downloading: http://repo.maven.apache.org/maven2/io/cucumber/tag-expressions/1.0.1/tag-expressions-1.0.1.pom
Downloaded: http://repo.maven.apache.org/maven2/io/cucumber/tag-expressions/1.0.1/tag-expressions-1.0.1.pom (5 KB at 495.6 KB/sec)
Downloading: http://repo.maven.apache.org/maven2/io/cucumber/cucumber-junit/2.1.0/cucumber-junit-2.1.0.pom
Downloaded: http://repo.maven.apache.org/maven2/io/cucumber/cucumber-junit/2.1.0/cucumber-junit-2.1.0.pom (2 KB at 231.0 KB/sec)
Downloading: http://repo.maven.apache.org/maven2/junit/junit/4.12/junit-4.12.pom
Downloaded: http://repo.maven.apache.org/maven2/junit/junit/4.12/junit-4.12.pom (24 KB at 2312.3 KB/sec)
Downloading: http://repo.maven.apache.org/maven2/org/hamcrest/hamcrest-core/1.3/hamcrest-core-1.3.pom
Downloaded: http://repo.maven.apache.org/maven2/org/hamcrest/hamcrest-core/1.3/hamcrest-core-1.3.pom (766 B at 83.1 KB/sec)
Downloading: http://repo.maven.apache.org/maven2/org/hamcrest/hamcrest-parent/1.3/hamcrest-parent-1.3.pom
Downloaded: http://repo.maven.apache.org/maven2/org/hamcrest/hamcrest-parent/1.3/hamcrest-parent-1.3.pom (2 KB at 240.7 KB/sec)
Downloading: http://repo.maven.apache.org/maven2/io/cucumber/cucumber-java/2.1.0/cucumber-java-2.1.0.jar
Downloading: http://repo.maven.apache.org/maven2/io/cucumber/cucumber-core/2.1.0/cucumber-core-2.1.0.jar
Downloading: http://repo.maven.apache.org/maven2/info/cukes/cucumber-html/0.2.6/cucumber-html-0.2.6.jar
Downloading: http://repo.maven.apache.org/maven2/io/cucumber/cucumber-jvm-deps/1.0.6/cucumber-jvm-deps-1.0.6.jar
Downloading: http://repo.maven.apache.org/maven2/io/cucumber/gherkin/5.0.0/gherkin-5.0.0.jar
Downloaded: http://repo.maven.apache.org/maven2/info/cukes/cucumber-html/0.2.6/cucumber-html-0.2.6.jar (38 KB at 4206.2 KB/sec)
Downloading: http://repo.maven.apache.org/maven2/io/cucumber/tag-expressions/1.0.1/tag-expressions-1.0.1.jar
Downloaded: http://repo.maven.apache.org/maven2/io/cucumber/tag-expressions/1.0.1/tag-expressions-1.0.1.jar (12 KB at 868.1 KB/sec)
Downloading: http://repo.maven.apache.org/maven2/io/cucumber/cucumber-junit/2.1.0/cucumber-junit-2.1.0.jar
Downloaded: http://repo.maven.apache.org/maven2/io/cucumber/cucumber-java/2.1.0/cucumber-java-2.1.0.jar (295 KB at 6007.4 KB/sec)
Downloading: http://repo.maven.apache.org/maven2/junit/junit/4.12/junit-4.12.jar
Downloaded: http://repo.maven.apache.org/maven2/io/cucumber/cucumber-junit/2.1.0/cucumber-junit-2.1.0.jar (33 KB at 2161.1 KB/sec)
Downloading: http://repo.maven.apache.org/maven2/org/hamcrest/hamcrest-core/1.3/hamcrest-core-1.3.jar
Downloaded: http://repo.maven.apache.org/maven2/io/cucumber/cucumber-core/2.1.0/cucumber-core-2.1.0.jar (330 KB at 7837.5 KB/sec)
Downloaded: http://repo.maven.apache.org/maven2/org/hamcrest/hamcrest-core/1.3/hamcrest-core-1.3.jar (44 KB at 3997.2 KB/sec)
Downloaded: http://repo.maven.apache.org/maven2/io/cucumber/cucumber-jvm-deps/1.0.6/cucumber-jvm-deps-1.0.6.jar (583 KB at 10984.3 KB/sec)
Downloaded: http://repo.maven.apache.org/maven2/junit/junit/4.12/junit-4.12.jar (308 KB at 13979.6 KB/sec)
Downloaded: http://repo.maven.apache.org/maven2/io/cucumber/gherkin/5.0.0/gherkin-5.0.0.jar (334 KB at 6070.0 KB/sec)
[INFO] 
[8mha:////4F6EvwIC1ZQJpCTVjFqC860ceMOC5o/wJQ7LQNgRZmS7AAAAYB+LCAAAAAAAAP9b85aBtbiIQSmjNKU4P0+vJLE4u1gvPjexLDVPzxdEGvvmZ+X75ZekLlOVfvTjc8FPJgaGiiIGKaiG5Py84vycVD1nCA1SyAABjCCFBQCV27OjYAAAAA==[0m[INFO] --- maven-resources-plugin:2.5:resources (default-resources) @ cucumber-java-skeleton ---
[debug] execute contextualize
[8mha:////4EbiXRBdvr0u4F5OPyROGuRR34qoicpZL1ysKTwLsM/GAAAAYx+LCAAAAAAAAP9b85aBtbiIQSWjNKU4P0+vJLE4u1gvPjexLDVPzxdEhicW5WXmpfvll6S2fNly5fzGzauYGBgqihikoFqS8/OK83NS9ZwhNEghAwQwghQWAACwxA+XYgAAAA==[0m[WARNING] Using platform encoding (UTF-8 actually) to copy filtered resources, i.e. build is platform dependent!
[INFO] skip non existing resourceDirectory /var/lib/jenkins/workspace/Pipeline_v2/src/main/resources
[INFO] 
[8mha:////4F6EvwIC1ZQJpCTVjFqC860ceMOC5o/wJQ7LQNgRZmS7AAAAYB+LCAAAAAAAAP9b85aBtbiIQSmjNKU4P0+vJLE4u1gvPjexLDVPzxdEGvvmZ+X75ZekLlOVfvTjc8FPJgaGiiIGKaiG5Py84vycVD1nCA1SyAABjCCFBQCV27OjYAAAAA==[0m[INFO] --- maven-compiler-plugin:3.3:compile (default-compile) @ cucumber-java-skeleton ---
Downloading: http://repo.maven.apache.org/maven2/org/apache/maven/shared/maven-shared-utils/0.7/maven-shared-utils-0.7.pom
Downloaded: http://repo.maven.apache.org/maven2/org/apache/maven/shared/maven-shared-utils/0.7/maven-shared-utils-0.7.pom (5 KB at 543.9 KB/sec)
Downloading: http://repo.maven.apache.org/maven2/org/apache/maven/shared/maven-shared-components/20/maven-shared-components-20.pom
Downloaded: http://repo.maven.apache.org/maven2/org/apache/maven/shared/maven-shared-components/20/maven-shared-components-20.pom (5 KB at 554.0 KB/sec)
Downloading: http://repo.maven.apache.org/maven2/org/apache/maven/maven-parent/24/maven-parent-24.pom
Downloaded: http://repo.maven.apache.org/maven2/org/apache/maven/maven-parent/24/maven-parent-24.pom (37 KB at 4003.7 KB/sec)
Downloading: http://repo.maven.apache.org/maven2/org/apache/apache/14/apache-14.pom
Downloaded: http://repo.maven.apache.org/maven2/org/apache/apache/14/apache-14.pom (15 KB at 1792.6 KB/sec)
Downloading: http://repo.maven.apache.org/maven2/org/codehaus/plexus/plexus-compiler-api/2.5/plexus-compiler-api-2.5.pom
Downloaded: http://repo.maven.apache.org/maven2/org/codehaus/plexus/plexus-compiler-api/2.5/plexus-compiler-api-2.5.pom (865 B at 120.7 KB/sec)
Downloading: http://repo.maven.apache.org/maven2/org/codehaus/plexus/plexus-compiler/2.5/plexus-compiler-2.5.pom
Downloaded: http://repo.maven.apache.org/maven2/org/codehaus/plexus/plexus-compiler/2.5/plexus-compiler-2.5.pom (6 KB at 649.0 KB/sec)
Downloading: http://repo.maven.apache.org/maven2/org/codehaus/plexus/plexus-components/1.3.1/plexus-components-1.3.1.pom
Downloaded: http://repo.maven.apache.org/maven2/org/codehaus/plexus/plexus-components/1.3.1/plexus-components-1.3.1.pom (3 KB at 427.5 KB/sec)
Downloading: http://repo.maven.apache.org/maven2/org/codehaus/plexus/plexus-utils/3.0.10/plexus-utils-3.0.10.pom
Downloaded: http://repo.maven.apache.org/maven2/org/codehaus/plexus/plexus-utils/3.0.10/plexus-utils-3.0.10.pom (4 KB at 383.8 KB/sec)
Downloading: http://repo.maven.apache.org/maven2/org/codehaus/plexus/plexus/3.3/plexus-3.3.pom
Downloaded: http://repo.maven.apache.org/maven2/org/codehaus/plexus/plexus/3.3/plexus-3.3.pom (20 KB at 2429.2 KB/sec)
Downloading: http://repo.maven.apache.org/maven2/org/codehaus/plexus/plexus-compiler-manager/2.5/plexus-compiler-manager-2.5.pom
Downloaded: http://repo.maven.apache.org/maven2/org/codehaus/plexus/plexus-compiler-manager/2.5/plexus-compiler-manager-2.5.pom (690 B at 96.3 KB/sec)
Downloading: http://repo.maven.apache.org/maven2/org/codehaus/plexus/plexus-compiler-javac/2.5/plexus-compiler-javac-2.5.pom
Downloaded: http://repo.maven.apache.org/maven2/org/codehaus/plexus/plexus-compiler-javac/2.5/plexus-compiler-javac-2.5.pom (769 B at 93.9 KB/sec)
Downloading: http://repo.maven.apache.org/maven2/org/codehaus/plexus/plexus-compilers/2.5/plexus-compilers-2.5.pom
Downloaded: http://repo.maven.apache.org/maven2/org/codehaus/plexus/plexus-compilers/2.5/plexus-compilers-2.5.pom (2 KB at 158.1 KB/sec)
Downloading: http://repo.maven.apache.org/maven2/org/codehaus/plexus/plexus-container-default/1.5.5/plexus-container-default-1.5.5.pom
Downloaded: http://repo.maven.apache.org/maven2/org/codehaus/plexus/plexus-container-default/1.5.5/plexus-container-default-1.5.5.pom (3 KB at 384.3 KB/sec)
Downloading: http://repo.maven.apache.org/maven2/org/codehaus/plexus/plexus-classworlds/2.2.2/plexus-classworlds-2.2.2.pom
Downloaded: http://repo.maven.apache.org/maven2/org/codehaus/plexus/plexus-classworlds/2.2.2/plexus-classworlds-2.2.2.pom (4 KB at 562.6 KB/sec)
Downloading: http://repo.maven.apache.org/maven2/org/apache/xbean/xbean-reflect/3.4/xbean-reflect-3.4.pom
Downloaded: http://repo.maven.apache.org/maven2/org/apache/xbean/xbean-reflect/3.4/xbean-reflect-3.4.pom (3 KB at 391.9 KB/sec)
Downloading: http://repo.maven.apache.org/maven2/org/apache/xbean/xbean/3.4/xbean-3.4.pom
Downloaded: http://repo.maven.apache.org/maven2/org/apache/xbean/xbean/3.4/xbean-3.4.pom (19 KB at 2585.4 KB/sec)
Downloading: http://repo.maven.apache.org/maven2/log4j/log4j/1.2.12/log4j-1.2.12.pom
Downloaded: http://repo.maven.apache.org/maven2/log4j/log4j/1.2.12/log4j-1.2.12.pom (145 B at 17.7 KB/sec)
Downloading: http://repo.maven.apache.org/maven2/commons-logging/commons-logging-api/1.1/commons-logging-api-1.1.pom
Downloaded: http://repo.maven.apache.org/maven2/commons-logging/commons-logging-api/1.1/commons-logging-api-1.1.pom (6 KB at 746.0 KB/sec)
Downloading: http://repo.maven.apache.org/maven2/com/google/collections/google-collections/1.0/google-collections-1.0.pom
Downloaded: http://repo.maven.apache.org/maven2/com/google/collections/google-collections/1.0/google-collections-1.0.pom (3 KB at 302.5 KB/sec)
Downloading: http://repo.maven.apache.org/maven2/com/google/google/1/google-1.pom
Downloaded: http://repo.maven.apache.org/maven2/com/google/google/1/google-1.pom (2 KB at 216.8 KB/sec)
Downloading: http://repo.maven.apache.org/maven2/junit/junit/3.8.2/junit-3.8.2.pom
Downloaded: http://repo.maven.apache.org/maven2/junit/junit/3.8.2/junit-3.8.2.pom (747 B at 104.2 KB/sec)
Downloading: http://repo.maven.apache.org/maven2/org/codehaus/plexus/plexus-utils/1.5.15/plexus-utils-1.5.15.jar
Downloading: http://repo.maven.apache.org/maven2/org/codehaus/plexus/plexus-interpolation/1.11/plexus-interpolation-1.11.jar
Downloading: http://repo.maven.apache.org/maven2/org/slf4j/slf4j-jdk14/1.5.6/slf4j-jdk14-1.5.6.jar
Downloading: http://repo.maven.apache.org/maven2/org/slf4j/slf4j-api/1.5.6/slf4j-api-1.5.6.jar
Downloading: http://repo.maven.apache.org/maven2/org/slf4j/jcl-over-slf4j/1.5.6/jcl-over-slf4j-1.5.6.jar
Downloaded: http://repo.maven.apache.org/maven2/org/slf4j/slf4j-jdk14/1.5.6/slf4j-jdk14-1.5.6.jar (9 KB at 717.4 KB/sec)
Downloading: http://repo.maven.apache.org/maven2/backport-util-concurrent/backport-util-concurrent/3.1/backport-util-concurrent-3.1.jar
Downloaded: http://repo.maven.apache.org/maven2/org/codehaus/plexus/plexus-interpolation/1.11/plexus-interpolation-1.11.jar (50 KB at 3553.0 KB/sec)
Downloading: http://repo.maven.apache.org/maven2/org/apache/maven/shared/maven-shared-utils/0.7/maven-shared-utils-0.7.jar
Downloaded: http://repo.maven.apache.org/maven2/org/slf4j/slf4j-api/1.5.6/slf4j-api-1.5.6.jar (22 KB at 1817.9 KB/sec)
Downloading: http://repo.maven.apache.org/maven2/org/codehaus/plexus/plexus-compiler-api/2.5/plexus-compiler-api-2.5.jar
Downloaded: http://repo.maven.apache.org/maven2/org/codehaus/plexus/plexus-compiler-api/2.5/plexus-compiler-api-2.5.jar (25 KB at 2063.5 KB/sec)
Downloading: http://repo.maven.apache.org/maven2/org/codehaus/plexus/plexus-compiler-manager/2.5/plexus-compiler-manager-2.5.jar
Downloaded: http://repo.maven.apache.org/maven2/org/codehaus/plexus/plexus-utils/1.5.15/plexus-utils-1.5.15.jar (223 KB at 6750.4 KB/sec)
Downloading: http://repo.maven.apache.org/maven2/org/codehaus/plexus/plexus-compiler-javac/2.5/plexus-compiler-javac-2.5.jar
Downloaded: http://repo.maven.apache.org/maven2/org/apache/maven/shared/maven-shared-utils/0.7/maven-shared-utils-0.7.jar (167 KB at 6388.6 KB/sec)
Downloading: http://repo.maven.apache.org/maven2/org/apache/xbean/xbean-reflect/3.4/xbean-reflect-3.4.jar
Downloaded: http://repo.maven.apache.org/maven2/org/codehaus/plexus/plexus-compiler-manager/2.5/plexus-compiler-manager-2.5.jar (5 KB at 278.6 KB/sec)
Downloading: http://repo.maven.apache.org/maven2/log4j/log4j/1.2.12/log4j-1.2.12.jar
Downloaded: http://repo.maven.apache.org/maven2/org/codehaus/plexus/plexus-compiler-javac/2.5/plexus-compiler-javac-2.5.jar (19 KB at 1714.9 KB/sec)
Downloading: http://repo.maven.apache.org/maven2/commons-logging/commons-logging-api/1.1/commons-logging-api-1.1.jar
Downloaded: http://repo.maven.apache.org/maven2/backport-util-concurrent/backport-util-concurrent/3.1/backport-util-concurrent-3.1.jar (324 KB at 9816.4 KB/sec)
Downloading: http://repo.maven.apache.org/maven2/com/google/collections/google-collections/1.0/google-collections-1.0.jar
Downloaded: http://repo.maven.apache.org/maven2/org/slf4j/jcl-over-slf4j/1.5.6/jcl-over-slf4j-1.5.6.jar (17 KB at 371.1 KB/sec)
Downloading: http://repo.maven.apache.org/maven2/junit/junit/3.8.2/junit-3.8.2.jar
Downloaded: http://repo.maven.apache.org/maven2/commons-logging/commons-logging-api/1.1/commons-logging-api-1.1.jar (44 KB at 3629.4 KB/sec)
Downloaded: http://repo.maven.apache.org/maven2/org/apache/xbean/xbean-reflect/3.4/xbean-reflect-3.4.jar (131 KB at 7687.6 KB/sec)
Downloaded: http://repo.maven.apache.org/maven2/log4j/log4j/1.2.12/log4j-1.2.12.jar (350 KB at 11280.4 KB/sec)
Downloaded: http://repo.maven.apache.org/maven2/junit/junit/3.8.2/junit-3.8.2.jar (118 KB at 5355.1 KB/sec)
Downloaded: http://repo.maven.apache.org/maven2/com/google/collections/google-collections/1.0/google-collections-1.0.jar (625 KB at 16436.9 KB/sec)
[INFO] Changes detected - recompiling the module!
[INFO] Compiling 1 source file to /var/lib/jenkins/workspace/Pipeline_v2/target/classes
[INFO] 
[8mha:////4F6EvwIC1ZQJpCTVjFqC860ceMOC5o/wJQ7LQNgRZmS7AAAAYB+LCAAAAAAAAP9b85aBtbiIQSmjNKU4P0+vJLE4u1gvPjexLDVPzxdEGvvmZ+X75ZekLlOVfvTjc8FPJgaGiiIGKaiG5Py84vycVD1nCA1SyAABjCCFBQCV27OjYAAAAA==[0m[INFO] --- maven-resources-plugin:2.5:testResources (default-testResources) @ cucumber-java-skeleton ---
[debug] execute contextualize
[8mha:////4EbiXRBdvr0u4F5OPyROGuRR34qoicpZL1ysKTwLsM/GAAAAYx+LCAAAAAAAAP9b85aBtbiIQSWjNKU4P0+vJLE4u1gvPjexLDVPzxdEhicW5WXmpfvll6S2fNly5fzGzauYGBgqihikoFqS8/OK83NS9ZwhNEghAwQwghQWAACwxA+XYgAAAA==[0m[WARNING] Using platform encoding (UTF-8 actually) to copy filtered resources, i.e. build is platform dependent!
[INFO] Copying 1 resource
[INFO] 
[8mha:////4F6EvwIC1ZQJpCTVjFqC860ceMOC5o/wJQ7LQNgRZmS7AAAAYB+LCAAAAAAAAP9b85aBtbiIQSmjNKU4P0+vJLE4u1gvPjexLDVPzxdEGvvmZ+X75ZekLlOVfvTjc8FPJgaGiiIGKaiG5Py84vycVD1nCA1SyAABjCCFBQCV27OjYAAAAA==[0m[INFO] --- maven-compiler-plugin:3.3:testCompile (default-testCompile) @ cucumber-java-skeleton ---
[INFO] Changes detected - recompiling the module!
[INFO] Compiling 2 source files to /var/lib/jenkins/workspace/Pipeline_v2/target/test-classes
[INFO] 
[8mha:////4F6EvwIC1ZQJpCTVjFqC860ceMOC5o/wJQ7LQNgRZmS7AAAAYB+LCAAAAAAAAP9b85aBtbiIQSmjNKU4P0+vJLE4u1gvPjexLDVPzxdEGvvmZ+X75ZekLlOVfvTjc8FPJgaGiiIGKaiG5Py84vycVD1nCA1SyAABjCCFBQCV27OjYAAAAA==[0m[INFO] --- maven-surefire-plugin:2.10:test (default-test) @ cucumber-java-skeleton ---
Downloading: http://repo.maven.apache.org/maven2/org/apache/maven/maven-plugin-api/2.0.9/maven-plugin-api-2.0.9.pom
Downloaded: http://repo.maven.apache.org/maven2/org/apache/maven/maven-plugin-api/2.0.9/maven-plugin-api-2.0.9.pom (2 KB at 182.4 KB/sec)
Downloading: http://repo.maven.apache.org/maven2/org/apache/maven/maven/2.0.9/maven-2.0.9.pom
Downloaded: http://repo.maven.apache.org/maven2/org/apache/maven/maven/2.0.9/maven-2.0.9.pom (19 KB at 2637.7 KB/sec)
Downloading: http://repo.maven.apache.org/maven2/org/apache/maven/maven-parent/8/maven-parent-8.pom
Downloaded: http://repo.maven.apache.org/maven2/org/apache/maven/maven-parent/8/maven-parent-8.pom (24 KB at 3366.8 KB/sec)
Downloading: http://repo.maven.apache.org/maven2/org/apache/maven/surefire/surefire-booter/2.10/surefire-booter-2.10.pom
Downloaded: http://repo.maven.apache.org/maven2/org/apache/maven/surefire/surefire-booter/2.10/surefire-booter-2.10.pom (3 KB at 422.6 KB/sec)
Downloading: http://repo.maven.apache.org/maven2/org/apache/maven/surefire/surefire-api/2.10/surefire-api-2.10.pom
Downloaded: http://repo.maven.apache.org/maven2/org/apache/maven/surefire/surefire-api/2.10/surefire-api-2.10.pom (3 KB at 318.8 KB/sec)
Downloading: http://repo.maven.apache.org/maven2/org/apache/maven/surefire/maven-surefire-common/2.10/maven-surefire-common-2.10.pom
Downloaded: http://repo.maven.apache.org/maven2/org/apache/maven/surefire/maven-surefire-common/2.10/maven-surefire-common-2.10.pom (4 KB at 559.3 KB/sec)
Downloading: http://repo.maven.apache.org/maven2/org/codehaus/plexus/plexus-utils/2.1/plexus-utils-2.1.pom
Downloaded: http://repo.maven.apache.org/maven2/org/codehaus/plexus/plexus-utils/2.1/plexus-utils-2.1.pom (4 KB at 358.1 KB/sec)
Downloading: http://repo.maven.apache.org/maven2/org/sonatype/spice/spice-parent/16/spice-parent-16.pom
Downloaded: http://repo.maven.apache.org/maven2/org/sonatype/spice/spice-parent/16/spice-parent-16.pom (9 KB at 1166.0 KB/sec)
Downloading: http://repo.maven.apache.org/maven2/org/sonatype/forge/forge-parent/5/forge-parent-5.pom
Downloaded: http://repo.maven.apache.org/maven2/org/sonatype/forge/forge-parent/5/forge-parent-5.pom (9 KB at 1166.7 KB/sec)
Downloading: http://repo.maven.apache.org/maven2/org/apache/maven/maven-artifact/2.0.9/maven-artifact-2.0.9.pom
Downloaded: http://repo.maven.apache.org/maven2/org/apache/maven/maven-artifact/2.0.9/maven-artifact-2.0.9.pom (2 KB at 263.5 KB/sec)
Downloading: http://repo.maven.apache.org/maven2/org/apache/maven/maven-project/2.0.9/maven-project-2.0.9.pom
Downloaded: http://repo.maven.apache.org/maven2/org/apache/maven/maven-project/2.0.9/maven-project-2.0.9.pom (3 KB at 378.1 KB/sec)
Downloading: http://repo.maven.apache.org/maven2/org/apache/maven/maven-settings/2.0.9/maven-settings-2.0.9.pom
Downloaded: http://repo.maven.apache.org/maven2/org/apache/maven/maven-settings/2.0.9/maven-settings-2.0.9.pom (3 KB at 287.1 KB/sec)
Downloading: http://repo.maven.apache.org/maven2/org/apache/maven/maven-model/2.0.9/maven-model-2.0.9.pom
Downloaded: http://repo.maven.apache.org/maven2/org/apache/maven/maven-model/2.0.9/maven-model-2.0.9.pom (4 KB at 438.1 KB/sec)
Downloading: http://repo.maven.apache.org/maven2/org/apache/maven/maven-profile/2.0.9/maven-profile-2.0.9.pom
Downloaded: http://repo.maven.apache.org/maven2/org/apache/maven/maven-profile/2.0.9/maven-profile-2.0.9.pom (3 KB at 250.2 KB/sec)
Downloading: http://repo.maven.apache.org/maven2/org/apache/maven/maven-artifact-manager/2.0.9/maven-artifact-manager-2.0.9.pom
Downloaded: http://repo.maven.apache.org/maven2/org/apache/maven/maven-artifact-manager/2.0.9/maven-artifact-manager-2.0.9.pom (3 KB at 376.7 KB/sec)
Downloading: http://repo.maven.apache.org/maven2/org/apache/maven/maven-repository-metadata/2.0.9/maven-repository-metadata-2.0.9.pom
Downloaded: http://repo.maven.apache.org/maven2/org/apache/maven/maven-repository-metadata/2.0.9/maven-repository-metadata-2.0.9.pom (2 KB at 265.2 KB/sec)
Downloading: http://repo.maven.apache.org/maven2/org/apache/maven/maven-plugin-registry/2.0.9/maven-plugin-registry-2.0.9.pom
Downloaded: http://repo.maven.apache.org/maven2/org/apache/maven/maven-plugin-registry/2.0.9/maven-plugin-registry-2.0.9.pom (2 KB at 275.0 KB/sec)
Downloading: http://repo.maven.apache.org/maven2/org/apache/maven/maven-core/2.0.9/maven-core-2.0.9.pom
Downloaded: http://repo.maven.apache.org/maven2/org/apache/maven/maven-core/2.0.9/maven-core-2.0.9.pom (8 KB at 1086.1 KB/sec)
Downloading: http://repo.maven.apache.org/maven2/org/apache/maven/maven-plugin-parameter-documenter/2.0.9/maven-plugin-parameter-documenter-2.0.9.pom
Downloaded: http://repo.maven.apache.org/maven2/org/apache/maven/maven-plugin-parameter-documenter/2.0.9/maven-plugin-parameter-documenter-2.0.9.pom (2 KB at 274.0 KB/sec)
Downloading: http://repo.maven.apache.org/maven2/org/apache/maven/reporting/maven-reporting-api/2.0.9/maven-reporting-api-2.0.9.pom
Downloaded: http://repo.maven.apache.org/maven2/org/apache/maven/reporting/maven-reporting-api/2.0.9/maven-reporting-api-2.0.9.pom (2 KB at 220.0 KB/sec)
Downloading: http://repo.maven.apache.org/maven2/org/apache/maven/reporting/maven-reporting/2.0.9/maven-reporting-2.0.9.pom
Downloaded: http://repo.maven.apache.org/maven2/org/apache/maven/reporting/maven-reporting/2.0.9/maven-reporting-2.0.9.pom (2 KB at 205.9 KB/sec)
Downloading: http://repo.maven.apache.org/maven2/org/apache/maven/maven-error-diagnostics/2.0.9/maven-error-diagnostics-2.0.9.pom
Downloaded: http://repo.maven.apache.org/maven2/org/apache/maven/maven-error-diagnostics/2.0.9/maven-error-diagnostics-2.0.9.pom (2 KB at 243.3 KB/sec)
Downloading: http://repo.maven.apache.org/maven2/org/apache/maven/maven-plugin-descriptor/2.0.9/maven-plugin-descriptor-2.0.9.pom
Downloaded: http://repo.maven.apache.org/maven2/org/apache/maven/maven-plugin-descriptor/2.0.9/maven-plugin-descriptor-2.0.9.pom (3 KB at 289.5 KB/sec)
Downloading: http://repo.maven.apache.org/maven2/org/apache/maven/maven-monitor/2.0.9/maven-monitor-2.0.9.pom
Downloaded: http://repo.maven.apache.org/maven2/org/apache/maven/maven-monitor/2.0.9/maven-monitor-2.0.9.pom (2 KB at 209.1 KB/sec)
Downloading: http://repo.maven.apache.org/maven2/org/apache/maven/maven-toolchain/2.0.9/maven-toolchain-2.0.9.pom
Downloaded: http://repo.maven.apache.org/maven2/org/apache/maven/maven-toolchain/2.0.9/maven-toolchain-2.0.9.pom (4 KB at 484.9 KB/sec)
Downloading: http://repo.maven.apache.org/maven2/org/apache/maven/shared/maven-common-artifact-filters/1.3/maven-common-artifact-filters-1.3.pom
Downloaded: http://repo.maven.apache.org/maven2/org/apache/maven/shared/maven-common-artifact-filters/1.3/maven-common-artifact-filters-1.3.pom (4 KB at 516.5 KB/sec)
Downloading: http://repo.maven.apache.org/maven2/org/apache/maven/shared/maven-shared-components/12/maven-shared-components-12.pom
Downloaded: http://repo.maven.apache.org/maven2/org/apache/maven/shared/maven-shared-components/12/maven-shared-components-12.pom (10 KB at 1302.6 KB/sec)
Downloading: http://repo.maven.apache.org/maven2/org/apache/maven/maven-parent/13/maven-parent-13.pom
Downloaded: http://repo.maven.apache.org/maven2/org/apache/maven/maven-parent/13/maven-parent-13.pom (23 KB at 3157.6 KB/sec)
Downloading: http://repo.maven.apache.org/maven2/org/codehaus/plexus/plexus-container-default/1.0-alpha-9/plexus-container-default-1.0-alpha-9.pom
Downloaded: http://repo.maven.apache.org/maven2/org/codehaus/plexus/plexus-container-default/1.0-alpha-9/plexus-container-default-1.0-alpha-9.pom (2 KB at 172.4 KB/sec)
Downloading: http://repo.maven.apache.org/maven2/org/apache/maven/surefire/surefire-booter/2.10/surefire-booter-2.10.jar
Downloading: http://repo.maven.apache.org/maven2/org/apache/maven/surefire/surefire-api/2.10/surefire-api-2.10.jar
Downloading: http://repo.maven.apache.org/maven2/org/apache/maven/surefire/maven-surefire-common/2.10/maven-surefire-common-2.10.jar
Downloading: http://repo.maven.apache.org/maven2/org/apache/maven/shared/maven-common-artifact-filters/1.3/maven-common-artifact-filters-1.3.jar
Downloading: http://repo.maven.apache.org/maven2/org/codehaus/plexus/plexus-utils/2.1/plexus-utils-2.1.jar
Downloaded: http://repo.maven.apache.org/maven2/org/apache/maven/surefire/surefire-booter/2.10/surefire-booter-2.10.jar (34 KB at 3005.5 KB/sec)
Downloading: http://repo.maven.apache.org/maven2/org/apache/maven/reporting/maven-reporting-api/2.0.9/maven-reporting-api-2.0.9.jar
Downloaded: http://repo.maven.apache.org/maven2/org/apache/maven/shared/maven-common-artifact-filters/1.3/maven-common-artifact-filters-1.3.jar (31 KB at 2757.4 KB/sec)
Downloaded: http://repo.maven.apache.org/maven2/org/apache/maven/surefire/maven-surefire-common/2.10/maven-surefire-common-2.10.jar (60 KB at 4266.0 KB/sec)
Downloaded: http://repo.maven.apache.org/maven2/org/apache/maven/reporting/maven-reporting-api/2.0.9/maven-reporting-api-2.0.9.jar (10 KB at 989.9 KB/sec)
Downloaded: http://repo.maven.apache.org/maven2/org/apache/maven/surefire/surefire-api/2.10/surefire-api-2.10.jar (158 KB at 7502.1 KB/sec)
Downloaded: http://repo.maven.apache.org/maven2/org/codehaus/plexus/plexus-utils/2.1/plexus-utils-2.1.jar (220 KB at 9135.0 KB/sec)
[INFO] Surefire report directory: /var/lib/jenkins/workspace/Pipeline_v2/target/surefire-reports
Downloading: http://repo.maven.apache.org/maven2/org/apache/maven/surefire/surefire-junit4/2.10/surefire-junit4-2.10.pom
Downloaded: http://repo.maven.apache.org/maven2/org/apache/maven/surefire/surefire-junit4/2.10/surefire-junit4-2.10.pom (3 KB at 318.6 KB/sec)
Downloading: http://repo.maven.apache.org/maven2/org/apache/maven/surefire/surefire-providers/2.10/surefire-providers-2.10.pom
Downloaded: http://repo.maven.apache.org/maven2/org/apache/maven/surefire/surefire-providers/2.10/surefire-providers-2.10.pom (3 KB at 276.6 KB/sec)
Downloading: http://repo.maven.apache.org/maven2/org/apache/maven/surefire/surefire-junit4/2.10/surefire-junit4-2.10.jar
Downloaded: http://repo.maven.apache.org/maven2/org/apache/maven/surefire/surefire-junit4/2.10/surefire-junit4-2.10.jar (33 KB at 2962.2 KB/sec)

-------------------------------------------------------
 T E S T S
-------------------------------------------------------
Picked up JAVA_TOOL_OPTIONS: -Dmaven.ext.class.path="/var/lib/jenkins/workspace/Pipeline_v2@tmp/withMaven62c42768/pipeline-maven-spy.jar" -Dorg.jenkinsci.plugins.pipeline.maven.reportsFolder="/var/lib/jenkins/workspace/Pipeline_v2@tmp/withMaven62c42768" 
Running skeleton.RunCukesTest
Feature: Belly

  Scenario: a few cukes               [90m# skeleton/belly.feature:3[0m
    [32mGiven [0m[32mI have [0m[32m[1m42[0m[32m cukes in my belly[0m [90m# Stepdefs.I_have_cukes_in_my_belly(int)[0m
    [33mWhen [0m[33mI wait 1 hour[0m                [90m# null[0m
    [33mThen [0m[33mmy belly should growl[0m        [90m# null[0m

1 Scenarios ([33m1 undefined[0m)
3 Steps ([33m2 undefined[0m, [32m1 passed[0m)
0m0.105s


You can implement missing steps with the snippets below:

@When("^I wait (\\d+) hour$")
public void i_wait_hour(int arg1) throws Exception {
    // Write code here that turns the phrase above into concrete actions
    throw new PendingException();
}

@Then("^my belly should growl$")
public void my_belly_should_growl() throws Exception {
    // Write code here that turns the phrase above into concrete actions
    throw new PendingException();
}

Tests run: 2, Failures: 0, Errors: 0, Skipped: 2, Time elapsed: 0.385 sec

Results :

Tests run: 2, Failures: 0, Errors: 0, Skipped: 2

[INFO] 
[8mha:////4F6EvwIC1ZQJpCTVjFqC860ceMOC5o/wJQ7LQNgRZmS7AAAAYB+LCAAAAAAAAP9b85aBtbiIQSmjNKU4P0+vJLE4u1gvPjexLDVPzxdEGvvmZ+X75ZekLlOVfvTjc8FPJgaGiiIGKaiG5Py84vycVD1nCA1SyAABjCCFBQCV27OjYAAAAA==[0m[INFO] --- maven-jar-plugin:2.3.2:jar (default-jar) @ cucumber-java-skeleton ---
Downloading: http://repo.maven.apache.org/maven2/org/apache/maven/maven-archiver/2.4.2/maven-archiver-2.4.2.pom
Downloaded: http://repo.maven.apache.org/maven2/org/apache/maven/maven-archiver/2.4.2/maven-archiver-2.4.2.pom (4 KB at 490.8 KB/sec)
Downloading: http://repo.maven.apache.org/maven2/org/codehaus/plexus/plexus-archiver/2.0.1/plexus-archiver-2.0.1.pom
Downloaded: http://repo.maven.apache.org/maven2/org/codehaus/plexus/plexus-archiver/2.0.1/plexus-archiver-2.0.1.pom (3 KB at 249.6 KB/sec)
Downloading: http://repo.maven.apache.org/maven2/org/codehaus/plexus/plexus-utils/3.0/plexus-utils-3.0.pom
Downloaded: http://repo.maven.apache.org/maven2/org/codehaus/plexus/plexus-utils/3.0/plexus-utils-3.0.pom (4 KB at 397.2 KB/sec)
Downloading: http://repo.maven.apache.org/maven2/org/codehaus/plexus/plexus-io/2.0.1/plexus-io-2.0.1.pom
Downloaded: http://repo.maven.apache.org/maven2/org/codehaus/plexus/plexus-io/2.0.1/plexus-io-2.0.1.pom (2 KB at 237.7 KB/sec)
Downloading: http://repo.maven.apache.org/maven2/org/codehaus/plexus/plexus-components/1.1.19/plexus-components-1.1.19.pom
Downloaded: http://repo.maven.apache.org/maven2/org/codehaus/plexus/plexus-components/1.1.19/plexus-components-1.1.19.pom (3 KB at 263.5 KB/sec)
Downloading: http://repo.maven.apache.org/maven2/org/codehaus/plexus/plexus/3.0.1/plexus-3.0.1.pom
Downloaded: http://repo.maven.apache.org/maven2/org/codehaus/plexus/plexus/3.0.1/plexus-3.0.1.pom (19 KB at 2596.8 KB/sec)
Downloading: http://repo.maven.apache.org/maven2/commons-lang/commons-lang/2.1/commons-lang-2.1.pom
Downloaded: http://repo.maven.apache.org/maven2/commons-lang/commons-lang/2.1/commons-lang-2.1.pom (10 KB at 807.9 KB/sec)
Downloading: http://repo.maven.apache.org/maven2/org/apache/maven/maven-archiver/2.4.2/maven-archiver-2.4.2.jar
Downloading: http://repo.maven.apache.org/maven2/org/codehaus/plexus/plexus-archiver/2.0.1/plexus-archiver-2.0.1.jar
Downloading: http://repo.maven.apache.org/maven2/org/codehaus/plexus/plexus-io/2.0.1/plexus-io-2.0.1.jar
Downloading: http://repo.maven.apache.org/maven2/commons-lang/commons-lang/2.1/commons-lang-2.1.jar
Downloading: http://repo.maven.apache.org/maven2/org/codehaus/plexus/plexus-utils/3.0/plexus-utils-3.0.jar
Downloaded: http://repo.maven.apache.org/maven2/org/apache/maven/maven-archiver/2.4.2/maven-archiver-2.4.2.jar (20 KB at 1645.7 KB/sec)
Downloaded: http://repo.maven.apache.org/maven2/org/codehaus/plexus/plexus-io/2.0.1/plexus-io-2.0.1.jar (57 KB at 3337.8 KB/sec)
Downloaded: http://repo.maven.apache.org/maven2/commons-lang/commons-lang/2.1/commons-lang-2.1.jar (203 KB at 9220.7 KB/sec)
Downloaded: http://repo.maven.apache.org/maven2/org/codehaus/plexus/plexus-utils/3.0/plexus-utils-3.0.jar (221 KB at 11038.7 KB/sec)
Downloaded: http://repo.maven.apache.org/maven2/org/codehaus/plexus/plexus-archiver/2.0.1/plexus-archiver-2.0.1.jar (176 KB at 7320.6 KB/sec)
[INFO] Building jar: /var/lib/jenkins/workspace/Pipeline_v2/target/cucumber-java-skeleton-0.0.1.jar
[INFO] ------------------------------------------------------------------------
[INFO] BUILD SUCCESS
[INFO] ------------------------------------------------------------------------
[INFO] Total time: 3.765s
[INFO] Finished at: Sun Nov 19 21:37:05 UTC 2017
[INFO] Final Memory: 16M/160M
[INFO] ------------------------------------------------------------------------
